Venkatas-MacBook-Pro:example kickass$ sbt
[info] Loading global plugins from /Users/kickass/.sbt/1.0/plugins
[info] Loading project definition from /Users/kickass/coursera/Functional Programming Scala/example/project/project
[info] Loading settings for project example-build from plugins.sbt,buildSettings.sbt ...
[info] Loading project definition from /Users/kickass/coursera/Functional Programming Scala/example/project
[info] Updating 
[info] Resolved  dependencies
[warn] 
[warn] 	Note: Some unresolved dependencies have extra attributes.  Check that these dependencies exist with the requested attributes.
[warn] 		ch.epfl.scala:sbt-scalafix_2.12_1.0:0.9.21 (sbtVersion=1.0, scalaVersion=2.13)
[warn] 
[warn] 	Note: Unresolved dependencies path:
[error] sbt.librarymanagement.ResolveException: Error downloading ch.epfl.scala:sbt-scalafix_2.12_1.0;sbtVersion=1.0;scalaVersion=2.13:0.9.21
[error]   Not found
[error]   Not found
[error]   not found: https://repo1.maven.org/maven2/ch/epfl/scala/sbt-scalafix_2.12_1.0_2.13_1.0/0.9.21/sbt-scalafix_2.12_1.0-0.9.21.pom
[error]   not found: /Users/kickass/.ivy2/local/ch.epfl.scala/sbt-scalafix_2.12_1.0/scala_2.13/sbt_1.0/0.9.21/ivys/ivy.xml
[error]   not found: https://repo.scala-sbt.org/scalasbt/sbt-plugin-releases/ch.epfl.scala/sbt-scalafix_2.12_1.0/scala_2.13/sbt_1.0/0.9.21/ivys/ivy.xml
[error]   not found: https://repo.typesafe.com/typesafe/ivy-releases/ch.epfl.scala/sbt-scalafix_2.12_1.0/scala_2.13/sbt_1.0/0.9.21/ivys/ivy.xml
[error] 	at lmcoursier.CoursierDependencyResolution.unresolvedWarningOrThrow(CoursierDependencyResolution.scala:246)
[error] 	at lmcoursier.CoursierDependencyResolution.$anonfun$update$34(CoursierDependencyResolution.scala:215)
[error] 	at scala.util.Either$LeftProjection.map(Either.scala:573)
[error] 	at lmcoursier.CoursierDependencyResolution.update(CoursierDependencyResolution.scala:215)
[error] 	at sbt.librarymanagement.DependencyResolution.update(DependencyResolution.scala:60)
[error] 	at sbt.internal.LibraryManagement$.resolve$1(LibraryManagement.scala:52)
[error] 	at sbt.internal.LibraryManagement$.$anonfun$cachedUpdate$12(LibraryManagement.scala:102)
[error] 	at sbt.util.Tracked$.$anonfun$lastOutput$1(Tracked.scala:69)
[error] 	at sbt.internal.LibraryManagement$.$anonfun$cachedUpdate$20(LibraryManagement.scala:115)
[error] 	at scala.util.control.Exception$Catch.apply(Exception.scala:228)
[error] 	at sbt.internal.LibraryManagement$.$anonfun$cachedUpdate$11(LibraryManagement.scala:115)
[error] 	at sbt.internal.LibraryManagement$.$anonfun$cachedUpdate$11$adapted(LibraryManagement.scala:96)
[error] 	at sbt.util.Tracked$.$anonfun$inputChanged$1(Tracked.scala:150)
[error] 	at sbt.internal.LibraryManagement$.cachedUpdate(LibraryManagement.scala:129)
[error] 	at sbt.Classpaths$.$anonfun$updateTask0$5(Defaults.scala:2947)
[error] 	at scala.Function1.$anonfun$compose$1(Function1.scala:49)
[error] 	at sbt.internal.util.$tilde$greater.$anonfun$$u2219$1(TypeFunctions.scala:62)
[error] 	at sbt.std.Transform$$anon$4.work(Transform.scala:67)
[error] 	at sbt.Execute.$anonfun$submit$2(Execute.scala:281)
[error] 	at sbt.internal.util.ErrorHandling$.wideConvert(ErrorHandling.scala:19)
[error] 	at sbt.Execute.work(Execute.scala:290)
[error] 	at sbt.Execute.$anonfun$submit$1(Execute.scala:281)
[error] 	at sbt.ConcurrentRestrictions$$anon$4.$anonfun$submitValid$1(ConcurrentRestrictions.scala:178)
[error] 	at sbt.CompletionService$$anon$2.call(CompletionService.scala:37)
[error] 	at java.util.concurrent.FutureTask.run(FutureTask.java:266)
[error] 	at java.util.concurrent.Executors$RunnableAdapter.call(Executors.java:511)
[error] 	at java.util.concurrent.FutureTask.run(FutureTask.java:266)
[error] 	at java.util.concurrent.ThreadPoolExecutor.runWorker(ThreadPoolExecutor.java:1142)
[error] 	at java.util.concurrent.ThreadPoolExecutor$Worker.run(ThreadPoolExecutor.java:617)
[error] 	at java.lang.Thread.run(Thread.java:745)
[error] (update) sbt.librarymanagement.ResolveException: Error downloading ch.epfl.scala:sbt-scalafix_2.12_1.0;sbtVersion=1.0;scalaVersion=2.13:0.9.21
[error]   Not found
[error]   Not found
[error]   not found: https://repo1.maven.org/maven2/ch/epfl/scala/sbt-scalafix_2.12_1.0_2.13_1.0/0.9.21/sbt-scalafix_2.12_1.0-0.9.21.pom
[error]   not found: /Users/kickass/.ivy2/local/ch.epfl.scala/sbt-scalafix_2.12_1.0/scala_2.13/sbt_1.0/0.9.21/ivys/ivy.xml
[error]   not found: https://repo.scala-sbt.org/scalasbt/sbt-plugin-releases/ch.epfl.scala/sbt-scalafix_2.12_1.0/scala_2.13/sbt_1.0/0.9.21/ivys/ivy.xml
[error]   not found: https://repo.typesafe.com/typesafe/ivy-releases/ch.epfl.scala/sbt-scalafix_2.12_1.0/scala_2.13/sbt_1.0/0.9.21/ivys/ivy.xml
Project loading failed: (r)etry, (q)uit, (l)ast, or (i)gnore? 